[01m[K/home/saket1004/catkin_ws2/src/image_task/src/my_image_node1.cpp:[m[K In function â€˜[01m[Kint main(int, char**)[m[Kâ€™:
[01m[K/home/saket1004/catkin_ws2/src/image_task/src/my_image_node1.cpp:32:3:[m[K [01;31m[Kerror: [m[Kâ€˜[01m[Kcout[m[Kâ€™ was not declared in this scope
   [01;31m[Kcout[m[K<<"saket debi";
   [01;31m[K^~~~[m[K
[01m[K/home/saket1004/catkin_ws2/src/image_task/src/my_image_node1.cpp:32:3:[m[K [01;36m[Knote: [m[Ksuggested alternative:
In file included from [01m[K/opt/ros/melodic/include/ros/time.h:54:0[m[K,
                 from [01m[K/opt/ros/melodic/include/ros/ros.h:38[m[K,
                 from [01m[K/home/saket1004/catkin_ws2/src/image_task/src/my_image_node1.cpp:1[m[K:
[01m[K/usr/include/c++/7/iostream:61:18:[m[K [01;36m[Knote: [m[K  â€˜[01m[Kstd::cout[m[Kâ€™
   extern ostream [01;36m[Kcout[m[K;  /// Linked to standard output
                  [01;36m[K^~~~[m[K
[01m[K/home/saket1004/catkin_ws2/src/image_task/src/my_image_node1.cpp:37:2:[m[K [01;31m[Kerror: [m[Kâ€˜[01m[Kcout[m[Kâ€™ was not declared in this scope
  [01;31m[Kcout[m[K<<"wrapper";
  [01;31m[K^~~~[m[K
[01m[K/home/saket1004/catkin_ws2/src/image_task/src/my_image_node1.cpp:37:2:[m[K [01;36m[Knote: [m[Ksuggested alternative:
In file included from [01m[K/opt/ros/melodic/include/ros/time.h:54:0[m[K,
                 from [01m[K/opt/ros/melodic/include/ros/ros.h:38[m[K,
                 from [01m[K/home/saket1004/catkin_ws2/src/image_task/src/my_image_node1.cpp:1[m[K:
[01m[K/usr/include/c++/7/iostream:61:18:[m[K [01;36m[Knote: [m[K  â€˜[01m[Kstd::cout[m[Kâ€™
   extern ostream [01;36m[Kcout[m[K;  /// Linked to standard output
                  [01;36m[K^~~~[m[K
make[2]: *** [CMakeFiles/my_image_node1.dir/src/my_image_node1.cpp.o] Error 1
make[1]: *** [CMakeFiles/my_image_node1.dir/all] Error 2
make: *** [all] Error 2
